<?xml version="1.0" encoding="UTF-8"?>
<!-- Generated by org.testng.reporters.JUnitXMLReporter -->
<testsuite hostname="Angelinos-MacBook-Pro.local" name="Command line test" tests="2" failures="0" timestamp="17 Dec 2018 05:28:44 GMT" time="7.121" errors="0">
  <testcase name="Login" time="0.0" classname="TimelogComparison.CompareDailyReportsOfAllUsersTest">
    <skipped/>
  </testcase> <!-- Login -->
  <testcase name="CompareWorkLogByDay" time="0.0" classname="TimelogComparison.CompareDailyReportsOfAllUsersTest">
    <skipped/>
  </testcase> <!-- CompareWorkLogByDay -->
</testsuite> <!-- Command line test -->
