<?xml version="1.0" encoding="UTF-8"?>
<!-- Generated by org.testng.reporters.JUnitXMLReporter -->
<testsuite hostname="Angelinos-MacBook-Pro.local" name="Command line test" tests="1" failures="1" timestamp="17 Dec 2018 08:36:34 GMT" time="104.718" errors="0">
  <testcase name="CompareWorkLogByDay" time="96.227" classname="TimelogComparison.CompareWeeklyReportsOfAllUsers">
    <failure type="java.lang.AssertionError" message="expected [true] but found [false]">
      <![CDATA[java.lang.AssertionError: expected [true] but found [false]
	at TimelogComparison.CompareWeeklyReportsOfAllUsers.CompareWorkLogByDay(CompareWeeklyReportsOfAllUsers.java:40)
... Removed 37 stack frames]]>
    </failure>
  </testcase> <!-- CompareWorkLogByDay -->
</testsuite> <!-- Command line test -->
