<?xml version="1.0" encoding="UTF-8"?>
<!-- Generated by org.testng.reporters.JUnitXMLReporter -->
<testsuite hostname="Angelinos-MacBook-Pro.local" name="Command line test" tests="3" failures="0" timestamp="17 Dec 2018 05:27:53 GMT" time="7.016" errors="0">
  <testcase name="Login" time="0.0" classname="TimelogComparison.CompareDailyReportsOfAllUsersTest">
    <skipped/>
  </testcase> <!-- Login -->
  <testcase name="LoginWithValidCredentials" time="0.0" classname="LoginPage.LoginTest">
    <skipped/>
  </testcase> <!-- LoginWithValidCredentials -->
  <testcase name="CompareWorkLogByDay" time="0.0" classname="TimelogComparison.CompareDailyReportsOfAllUsersTest">
    <skipped/>
  </testcase> <!-- CompareWorkLogByDay -->
</testsuite> <!-- Command line test -->
